Copyright 1986-2015 Xilinx, Inc. All Rights Reserved.
----------------------------------------------------------------------------------------
| Tool Version     : Vivado v.2015.4 (lin64) Build 1412921 Wed Nov 18 09:44:32 MST 2015
| Date             : Thu Nov 17 19:05:19 2016
| Host             : Fermium running 64-bit Ubuntu 14.04.5 LTS
| Command          : 
| Design           : red_pitaya_top
| Device           : xc7z010clg400-1
| Design State     : routed
| Grade            : commercial
| Process          : typical
| Characterization : Production
----------------------------------------------------------------------------------------

Power Report

Table of Contents
-----------------
1. Summary
1.1 On-Chip Components
1.2 Power Supply Summary
1.3 Confidence Level
2. Settings
2.1 Environment
2.2 Clock Constraints
3. Detailed Reports
3.1 By Hierarchy

1. Summary
----------

+--------------------------+-------+
| Total On-Chip Power (W)  | 2.097 |
| Dynamic (W)              | 1.947 |
| Device Static (W)        | 0.150 |
| Effective TJA (C/W)      | 11.5  |
| Max Ambient (C)          | 60.8  |
| Junction Temperature (C) | 49.2  |
| Confidence Level         | Low   |
| Setting File             | ---   |
| Simulation Activity File | ---   |
| Design Nets Matched      | NA    |
+--------------------------+-------+


1.1 On-Chip Components
----------------------

+--------------------------+-----------+----------+-----------+-----------------+
| On-Chip                  | Power (W) | Used     | Available | Utilization (%) |
+--------------------------+-----------+----------+-----------+-----------------+
| Clocks                   |     0.036 |       14 |       --- |             --- |
| Slice Logic              |     0.025 |    16122 |       --- |             --- |
|   LUT as Logic           |     0.020 |     4635 |     17600 |           26.34 |
|   CARRY4                 |     0.002 |      422 |      4400 |            9.59 |
|   Register               |     0.001 |     5081 |     35200 |           14.43 |
|   LUT as Distributed RAM |    <0.001 |     2896 |      6000 |           48.27 |
|   F7/F8 Muxes            |    <0.001 |     1610 |     17600 |            9.15 |
|   LUT as Shift Register  |    <0.001 |       63 |      6000 |            1.05 |
|   Others                 |     0.000 |      249 |       --- |             --- |
| Signals                  |     0.056 |    10215 |       --- |             --- |
| Block RAM                |     0.134 |       58 |        60 |           96.67 |
| PLL                      |     0.097 |        1 |         2 |           50.00 |
| DSPs                     |     0.014 |       12 |        80 |           15.00 |
| I/O                      |     0.288 |       93 |       100 |           93.00 |
| XADC                     |     0.004 |        1 |       --- |             --- |
| PS7                      |     1.292 |        1 |       --- |             --- |
| Static Power             |     0.150 |          |           |                 |
| Total                    |     2.097 |          |           |                 |
+--------------------------+-----------+----------+-----------+-----------------+


1.2 Power Supply Summary
------------------------

+-----------+-------------+-----------+-------------+------------+
| Source    | Voltage (V) | Total (A) | Dynamic (A) | Static (A) |
+-----------+-------------+-----------+-------------+------------+
| Vccint    |       1.000 |     0.272 |       0.262 |      0.011 |
| Vccaux    |       1.800 |     0.069 |       0.057 |      0.012 |
| Vcco33    |       3.300 |     0.085 |       0.084 |      0.001 |
| Vcco25    |       2.500 |     0.001 |       0.000 |      0.001 |
| Vcco18    |       1.800 |     0.002 |       0.001 |      0.001 |
| Vcco15    |       1.500 |     0.001 |       0.000 |      0.001 |
| Vcco135   |       1.350 |     0.000 |       0.000 |      0.000 |
| Vcco12    |       1.200 |     0.000 |       0.000 |      0.000 |
| Vccaux_io |       1.800 |     0.000 |       0.000 |      0.000 |
| Vccbram   |       1.000 |     0.016 |       0.011 |      0.005 |
| MGTAVcc   |       1.000 |     0.000 |       0.000 |      0.000 |
| MGTAVtt   |       1.200 |     0.000 |       0.000 |      0.000 |
| MGTVccaux |       1.800 |     0.000 |       0.000 |      0.000 |
| Vccpint   |       1.000 |     0.713 |       0.678 |      0.035 |
| Vccpaux   |       1.800 |     0.038 |       0.027 |      0.010 |
| Vccpll    |       1.800 |     0.017 |       0.014 |      0.003 |
| Vcco_ddr  |       1.500 |     0.356 |       0.354 |      0.002 |
| Vcco_mio0 |       3.300 |     0.002 |       0.001 |      0.001 |
| Vcco_mio1 |       2.500 |     0.003 |       0.002 |      0.001 |
| Vccadc    |       1.800 |     0.022 |       0.002 |      0.020 |
+-----------+-------------+-----------+-------------+------------+


1.3 Confidence Level
--------------------

+-----------------------------+------------+--------------------------------------------------------+------------------------------------------------------------------------------------------------------------+
| User Input Data             | Confidence | Details                                                | Action                                                                                                     |
+-----------------------------+------------+--------------------------------------------------------+------------------------------------------------------------------------------------------------------------+
| Design implementation state | High       | Design is routed                                       |                                                                                                            |
| Clock nodes activity        | High       | User specified more than 95% of clocks                 |                                                                                                            |
| I/O nodes activity          | Low        | More than 75% of inputs are missing user specification | Provide missing input activity with simulation results or by editing the "By Resource Type -> I/Os" view   |
| Internal nodes activity     | Medium     | User specified less than 25% of internal nodes         | Provide missing internal nodes activity with simulation results or by editing the "By Resource Type" views |
| Device models               | High       | Device models are Production                           |                                                                                                            |
|                             |            |                                                        |                                                                                                            |
| Overall confidence level    | Low        |                                                        |                                                                                                            |
+-----------------------------+------------+--------------------------------------------------------+------------------------------------------------------------------------------------------------------------+


2. Settings
-----------

2.1 Environment
---------------

+-----------------------+------------------------+
| Ambient Temp (C)      | 25.0                   |
| ThetaJA (C/W)         | 11.5                   |
| Airflow (LFM)         | 250                    |
| Heat Sink             | none                   |
| ThetaSA (C/W)         | 0.0                    |
| Board Selection       | medium (10"x10")       |
| # of Board Layers     | 8to11 (8 to 11 Layers) |
| Board Temperature (C) | 25.0                   |
+-----------------------+------------------------+


2.2 Clock Constraints
---------------------

+----------------+-----------------------------------------------------------------------+-----------------+
| Clock          | Domain                                                                | Constraint (ns) |
+----------------+-----------------------------------------------------------------------+-----------------+
| adc_clk        | adc_clk_p_i                                                           |             8.0 |
| clk_fb         | pll/clk_fb                                                            |             8.0 |
| clk_fpga_3     | i_ps/system_i/system_i/processing_system7/inst/FCLK_CLK_unbuffered[3] |             5.0 |
| pll_adc_clk    | pll/clk_adc                                                           |             8.0 |
| pll_dac_clk_1x | pll/clk_dac_1x                                                        |             8.0 |
| pll_dac_clk_2p | pll/clk_dac_2p                                                        |             4.0 |
| pll_dac_clk_2x | pll/clk_dac_2x                                                        |             4.0 |
| pll_pwm_clk    | pll/clk_pwm                                                           |             4.0 |
| rx_clk         | daisy_p_i[1]                                                          |             4.0 |
+----------------+-----------------------------------------------------------------------+-----------------+


3. Detailed Reports
-------------------

3.1 By Hierarchy
----------------

+----------------------------------------------------------------------------------+-----------+
| Name                                                                             | Power (W) |
+----------------------------------------------------------------------------------+-----------+
| red_pitaya_top                                                                   |     1.947 |
|   i_ams                                                                          |    <0.001 |
|   i_asg                                                                          |     0.080 |
|     ch[0]                                                                        |     0.038 |
|     ch[1]                                                                        |     0.039 |
|   i_hk                                                                           |    <0.001 |
|   i_iobufn[0]                                                                    |    <0.001 |
|   i_iobufn[1]                                                                    |    <0.001 |
|   i_iobufn[2]                                                                    |    <0.001 |
|   i_iobufn[3]                                                                    |    <0.001 |
|   i_iobufn[4]                                                                    |    <0.001 |
|   i_iobufn[5]                                                                    |    <0.001 |
|   i_iobufn[6]                                                                    |    <0.001 |
|   i_iobufn[7]                                                                    |    <0.001 |
|   i_iobufp[0]                                                                    |    <0.001 |
|   i_iobufp[1]                                                                    |    <0.001 |
|   i_iobufp[2]                                                                    |    <0.001 |
|   i_iobufp[3]                                                                    |    <0.001 |
|   i_iobufp[4]                                                                    |    <0.001 |
|   i_iobufp[5]                                                                    |    <0.001 |
|   i_iobufp[6]                                                                    |    <0.001 |
|   i_iobufp[7]                                                                    |    <0.001 |
|   i_ps                                                                           |     1.319 |
|     axi_master[0]                                                                |     0.002 |
|       axi_awfifo_reg_0_15_0_5                                                    |    <0.001 |
|       axi_awfifo_reg_0_15_12_17                                                  |    <0.001 |
|       axi_awfifo_reg_0_15_18_23                                                  |    <0.001 |
|       axi_awfifo_reg_0_15_24_29                                                  |    <0.001 |
|       axi_awfifo_reg_0_15_30_35                                                  |    <0.001 |
|       axi_awfifo_reg_0_15_36_36                                                  |    <0.001 |
|       axi_awfifo_reg_0_15_6_11                                                   |    <0.001 |
|       axi_wfifo_reg_0_15_0_5                                                     |    <0.001 |
|       axi_wfifo_reg_0_15_12_17                                                   |    <0.001 |
|       axi_wfifo_reg_0_15_18_23                                                   |    <0.001 |
|       axi_wfifo_reg_0_15_24_29                                                   |    <0.001 |
|       axi_wfifo_reg_0_15_30_35                                                   |    <0.001 |
|       axi_wfifo_reg_0_15_36_41                                                   |    <0.001 |
|       axi_wfifo_reg_0_15_42_47                                                   |    <0.001 |
|       axi_wfifo_reg_0_15_48_53                                                   |    <0.001 |
|       axi_wfifo_reg_0_15_54_59                                                   |    <0.001 |
|       axi_wfifo_reg_0_15_60_65                                                   |    <0.001 |
|       axi_wfifo_reg_0_15_66_71                                                   |    <0.001 |
|       axi_wfifo_reg_0_15_6_11                                                    |    <0.001 |
|       axi_wfifo_reg_0_15_72_72                                                   |    <0.001 |
|     axi_master[1]                                                                |     0.002 |
|       axi_awfifo_reg_0_15_0_5                                                    |    <0.001 |
|       axi_awfifo_reg_0_15_12_17                                                  |    <0.001 |
|       axi_awfifo_reg_0_15_18_23                                                  |    <0.001 |
|       axi_awfifo_reg_0_15_24_29                                                  |    <0.001 |
|       axi_awfifo_reg_0_15_30_35                                                  |    <0.001 |
|       axi_awfifo_reg_0_15_36_36                                                  |    <0.001 |
|       axi_awfifo_reg_0_15_6_11                                                   |    <0.001 |
|       axi_wfifo_reg_0_15_0_5                                                     |    <0.001 |
|       axi_wfifo_reg_0_15_12_17                                                   |    <0.001 |
|       axi_wfifo_reg_0_15_18_23                                                   |    <0.001 |
|       axi_wfifo_reg_0_15_24_29                                                   |    <0.001 |
|       axi_wfifo_reg_0_15_30_35                                                   |    <0.001 |
|       axi_wfifo_reg_0_15_36_41                                                   |    <0.001 |
|       axi_wfifo_reg_0_15_42_47                                                   |    <0.001 |
|       axi_wfifo_reg_0_15_48_53                                                   |    <0.001 |
|       axi_wfifo_reg_0_15_54_59                                                   |    <0.001 |
|       axi_wfifo_reg_0_15_60_65                                                   |    <0.001 |
|       axi_wfifo_reg_0_15_66_71                                                   |    <0.001 |
|       axi_wfifo_reg_0_15_6_11                                                    |    <0.001 |
|       axi_wfifo_reg_0_15_72_72                                                   |    <0.001 |
|     axi_slave_gp0                                                                |     0.002 |
|     system_i                                                                     |     1.313 |
|       system_i                                                                   |     1.313 |
|         axi_protocol_converter_0                                                 |     0.011 |
|           inst                                                                   |     0.011 |
|             gen_axilite.gen_b2s_conv.axilite_b2s                                 |     0.011 |
|               MI_REG                                                             |     0.000 |
|                 ar_pipe                                                          |     0.000 |
|                 aw_pipe                                                          |     0.000 |
|                 axi_infrastructure_v1_1_0_axi2vector_0                           |     0.000 |
|                 axi_infrastructure_v1_1_0_vector2axi_0                           |     0.000 |
|                 b_pipe                                                           |     0.000 |
|                 r_pipe                                                           |     0.000 |
|                 w_pipe                                                           |     0.000 |
|               RD.ar_channel_0                                                    |     0.002 |
|                 ar_cmd_fsm_0                                                     |    <0.001 |
|                 cmd_translator_0                                                 |     0.002 |
|                   incr_cmd_0                                                     |    <0.001 |
|                   wrap_cmd_0                                                     |    <0.001 |
|               RD.r_channel_0                                                     |     0.002 |
|                 rd_data_fifo_0                                                   |     0.001 |
|                 transaction_fifo_0                                               |    <0.001 |
|               SI_REG                                                             |     0.003 |
|                 ar_pipe                                                          |    <0.001 |
|                 aw_pipe                                                          |     0.001 |
|                 axi_infrastructure_v1_1_0_axi2vector_0                           |     0.000 |
|                 axi_infrastructure_v1_1_0_vector2axi_0                           |     0.000 |
|                 b_pipe                                                           |    <0.001 |
|                 r_pipe                                                           |     0.001 |
|                 w_pipe                                                           |     0.000 |
|               WR.aw_channel_0                                                    |     0.003 |
|                 aw_cmd_fsm_0                                                     |    <0.001 |
|                 cmd_translator_0                                                 |     0.002 |
|                   incr_cmd_0                                                     |    <0.001 |
|                   wrap_cmd_0                                                     |     0.001 |
|               WR.b_channel_0                                                     |    <0.001 |
|                 bid_fifo_0                                                       |    <0.001 |
|                 bresp_fifo_0                                                     |    <0.001 |
|         proc_sys_reset                                                           |    <0.001 |
|           U0                                                                     |    <0.001 |
|             EXT_LPF                                                              |    <0.001 |
|               ACTIVE_LOW_EXT.ACT_LO_EXT                                          |    <0.001 |
|             SEQ                                                                  |    <0.001 |
|               SEQ_COUNTER                                                        |    <0.001 |
|         processing_system7                                                       |     1.293 |
|           inst                                                                   |     1.293 |
|             xlnx_axi_wrshim_unwrap_inst_gp0                                      |     0.000 |
|             xlnx_axi_wrshim_unwrap_inst_gp1                                      |     0.000 |
|         xadc                                                                     |     0.008 |
|           inst                                                                   |     0.008 |
|             AXI_LITE_IPIF_I                                                      |     0.002 |
|               I_SLAVE_ATTACHMENT                                                 |     0.002 |
|                 I_DECODER                                                        |    <0.001 |
|                   MEM_DECODE_GEN[0].GEN_FOR_MULTI_CS.MEM_SELECT_I                |    <0.001 |
|                   MEM_DECODE_GEN[0].PER_CE_GEN[0].MULTIPLE_CES_THIS_CS_GEN.CE_I  |    <0.001 |
|                   MEM_DECODE_GEN[0].PER_CE_GEN[1].MULTIPLE_CES_THIS_CS_GEN.CE_I  |    <0.001 |
|                   MEM_DECODE_GEN[0].PER_CE_GEN[2].MULTIPLE_CES_THIS_CS_GEN.CE_I  |    <0.001 |
|                   MEM_DECODE_GEN[0].PER_CE_GEN[3].MULTIPLE_CES_THIS_CS_GEN.CE_I  |    <0.001 |
|                   MEM_DECODE_GEN[0].PER_CE_GEN[4].MULTIPLE_CES_THIS_CS_GEN.CE_I  |    <0.001 |
|                   MEM_DECODE_GEN[0].PER_CE_GEN[5].MULTIPLE_CES_THIS_CS_GEN.CE_I  |    <0.001 |
|                   MEM_DECODE_GEN[0].PER_CE_GEN[6].MULTIPLE_CES_THIS_CS_GEN.CE_I  |    <0.001 |
|                   MEM_DECODE_GEN[0].PER_CE_GEN[7].MULTIPLE_CES_THIS_CS_GEN.CE_I  |    <0.001 |
|                   MEM_DECODE_GEN[1].GEN_FOR_MULTI_CS.MEM_SELECT_I                |    <0.001 |
|                   MEM_DECODE_GEN[1].PER_CE_GEN[0].MULTIPLE_CES_THIS_CS_GEN.CE_I  |    <0.001 |
|                   MEM_DECODE_GEN[1].PER_CE_GEN[10].MULTIPLE_CES_THIS_CS_GEN.CE_I |    <0.001 |
|                   MEM_DECODE_GEN[1].PER_CE_GEN[11].MULTIPLE_CES_THIS_CS_GEN.CE_I |    <0.001 |
|                   MEM_DECODE_GEN[1].PER_CE_GEN[12].MULTIPLE_CES_THIS_CS_GEN.CE_I |    <0.001 |
|                   MEM_DECODE_GEN[1].PER_CE_GEN[13].MULTIPLE_CES_THIS_CS_GEN.CE_I |    <0.001 |
|                   MEM_DECODE_GEN[1].PER_CE_GEN[14].MULTIPLE_CES_THIS_CS_GEN.CE_I |    <0.001 |
|                   MEM_DECODE_GEN[1].PER_CE_GEN[15].MULTIPLE_CES_THIS_CS_GEN.CE_I |    <0.001 |
|                   MEM_DECODE_GEN[1].PER_CE_GEN[1].MULTIPLE_CES_THIS_CS_GEN.CE_I  |    <0.001 |
|                   MEM_DECODE_GEN[1].PER_CE_GEN[2].MULTIPLE_CES_THIS_CS_GEN.CE_I  |    <0.001 |
|                   MEM_DECODE_GEN[1].PER_CE_GEN[3].MULTIPLE_CES_THIS_CS_GEN.CE_I  |    <0.001 |
|                   MEM_DECODE_GEN[1].PER_CE_GEN[4].MULTIPLE_CES_THIS_CS_GEN.CE_I  |    <0.001 |
|                   MEM_DECODE_GEN[1].PER_CE_GEN[5].MULTIPLE_CES_THIS_CS_GEN.CE_I  |    <0.001 |
|                   MEM_DECODE_GEN[1].PER_CE_GEN[6].MULTIPLE_CES_THIS_CS_GEN.CE_I  |    <0.001 |
|                   MEM_DECODE_GEN[1].PER_CE_GEN[7].MULTIPLE_CES_THIS_CS_GEN.CE_I  |    <0.001 |
|                   MEM_DECODE_GEN[1].PER_CE_GEN[8].MULTIPLE_CES_THIS_CS_GEN.CE_I  |    <0.001 |
|                   MEM_DECODE_GEN[1].PER_CE_GEN[9].MULTIPLE_CES_THIS_CS_GEN.CE_I  |    <0.001 |
|                   MEM_DECODE_GEN[2].GEN_FOR_MULTI_CS.MEM_SELECT_I                |    <0.001 |
|             AXI_XADC_CORE_I                                                      |     0.005 |
|             INTR_CTRLR_GEN_I.INTERRUPT_CONTROL_I                                 |    <0.001 |
|             SOFT_RESET_I                                                         |    <0.001 |
|   i_scope                                                                        |     0.151 |
|     conv_buf_11_reg_0_255_0_0                                                    |    <0.001 |
|     conv_buf_11_reg_0_255_10_10                                                  |    <0.001 |
|     conv_buf_11_reg_0_255_11_11                                                  |    <0.001 |
|     conv_buf_11_reg_0_255_12_12                                                  |    <0.001 |
|     conv_buf_11_reg_0_255_13_13                                                  |    <0.001 |
|     conv_buf_11_reg_0_255_14_14                                                  |    <0.001 |
|     conv_buf_11_reg_0_255_15_15                                                  |    <0.001 |
|     conv_buf_11_reg_0_255_1_1                                                    |    <0.001 |
|     conv_buf_11_reg_0_255_2_2                                                    |    <0.001 |
|     conv_buf_11_reg_0_255_3_3                                                    |    <0.001 |
|     conv_buf_11_reg_0_255_4_4                                                    |    <0.001 |
|     conv_buf_11_reg_0_255_5_5                                                    |    <0.001 |
|     conv_buf_11_reg_0_255_6_6                                                    |    <0.001 |
|     conv_buf_11_reg_0_255_7_7                                                    |    <0.001 |
|     conv_buf_11_reg_0_255_8_8                                                    |    <0.001 |
|     conv_buf_11_reg_0_255_9_9                                                    |    <0.001 |
|     conv_buf_11_reg_1024_1279_0_0                                                |    <0.001 |
|     conv_buf_11_reg_1024_1279_10_10                                              |    <0.001 |
|     conv_buf_11_reg_1024_1279_11_11                                              |    <0.001 |
|     conv_buf_11_reg_1024_1279_12_12                                              |    <0.001 |
|     conv_buf_11_reg_1024_1279_13_13                                              |    <0.001 |
|     conv_buf_11_reg_1024_1279_14_14                                              |    <0.001 |
|     conv_buf_11_reg_1024_1279_15_15                                              |    <0.001 |
|     conv_buf_11_reg_1024_1279_1_1                                                |    <0.001 |
|     conv_buf_11_reg_1024_1279_2_2                                                |    <0.001 |
|     conv_buf_11_reg_1024_1279_3_3                                                |    <0.001 |
|     conv_buf_11_reg_1024_1279_4_4                                                |    <0.001 |
|     conv_buf_11_reg_1024_1279_5_5                                                |    <0.001 |
|     conv_buf_11_reg_1024_1279_6_6                                                |    <0.001 |
|     conv_buf_11_reg_1024_1279_7_7                                                |    <0.001 |
|     conv_buf_11_reg_1024_1279_8_8                                                |    <0.001 |
|     conv_buf_11_reg_1024_1279_9_9                                                |    <0.001 |
|     conv_buf_11_reg_1280_1535_0_0                                                |    <0.001 |
|     conv_buf_11_reg_1280_1535_10_10                                              |    <0.001 |
|     conv_buf_11_reg_1280_1535_11_11                                              |    <0.001 |
|     conv_buf_11_reg_1280_1535_12_12                                              |    <0.001 |
|     conv_buf_11_reg_1280_1535_13_13                                              |    <0.001 |
|     conv_buf_11_reg_1280_1535_14_14                                              |    <0.001 |
|     conv_buf_11_reg_1280_1535_15_15                                              |    <0.001 |
|     conv_buf_11_reg_1280_1535_1_1                                                |    <0.001 |
|     conv_buf_11_reg_1280_1535_2_2                                                |    <0.001 |
|     conv_buf_11_reg_1280_1535_3_3                                                |    <0.001 |
|     conv_buf_11_reg_1280_1535_4_4                                                |    <0.001 |
|     conv_buf_11_reg_1280_1535_5_5                                                |    <0.001 |
|     conv_buf_11_reg_1280_1535_6_6                                                |    <0.001 |
|     conv_buf_11_reg_1280_1535_7_7                                                |    <0.001 |
|     conv_buf_11_reg_1280_1535_8_8                                                |    <0.001 |
|     conv_buf_11_reg_1280_1535_9_9                                                |    <0.001 |
|     conv_buf_11_reg_1536_1791_0_0                                                |    <0.001 |
|     conv_buf_11_reg_1536_1791_10_10                                              |    <0.001 |
|     conv_buf_11_reg_1536_1791_11_11                                              |    <0.001 |
|     conv_buf_11_reg_1536_1791_12_12                                              |    <0.001 |
|     conv_buf_11_reg_1536_1791_13_13                                              |    <0.001 |
|     conv_buf_11_reg_1536_1791_14_14                                              |    <0.001 |
|     conv_buf_11_reg_1536_1791_15_15                                              |    <0.001 |
|     conv_buf_11_reg_1536_1791_1_1                                                |    <0.001 |
|     conv_buf_11_reg_1536_1791_2_2                                                |    <0.001 |
|     conv_buf_11_reg_1536_1791_3_3                                                |    <0.001 |
|     conv_buf_11_reg_1536_1791_4_4                                                |    <0.001 |
|     conv_buf_11_reg_1536_1791_5_5                                                |    <0.001 |
|     conv_buf_11_reg_1536_1791_6_6                                                |    <0.001 |
|     conv_buf_11_reg_1536_1791_7_7                                                |    <0.001 |
|     conv_buf_11_reg_1536_1791_8_8                                                |    <0.001 |
|     conv_buf_11_reg_1536_1791_9_9                                                |    <0.001 |
|     conv_buf_11_reg_1792_2047_0_0                                                |    <0.001 |
|     conv_buf_11_reg_1792_2047_10_10                                              |    <0.001 |
|     conv_buf_11_reg_1792_2047_11_11                                              |    <0.001 |
|     conv_buf_11_reg_1792_2047_12_12                                              |    <0.001 |
|     conv_buf_11_reg_1792_2047_13_13                                              |    <0.001 |
|     conv_buf_11_reg_1792_2047_14_14                                              |    <0.001 |
|     conv_buf_11_reg_1792_2047_15_15                                              |    <0.001 |
|     conv_buf_11_reg_1792_2047_1_1                                                |    <0.001 |
|     conv_buf_11_reg_1792_2047_2_2                                                |    <0.001 |
|     conv_buf_11_reg_1792_2047_3_3                                                |    <0.001 |
|     conv_buf_11_reg_1792_2047_4_4                                                |    <0.001 |
|     conv_buf_11_reg_1792_2047_5_5                                                |    <0.001 |
|     conv_buf_11_reg_1792_2047_6_6                                                |    <0.001 |
|     conv_buf_11_reg_1792_2047_7_7                                                |    <0.001 |
|     conv_buf_11_reg_1792_2047_8_8                                                |    <0.001 |
|     conv_buf_11_reg_1792_2047_9_9                                                |    <0.001 |
|     conv_buf_11_reg_2048_2303_0_0                                                |    <0.001 |
|     conv_buf_11_reg_2048_2303_10_10                                              |    <0.001 |
|     conv_buf_11_reg_2048_2303_11_11                                              |    <0.001 |
|     conv_buf_11_reg_2048_2303_12_12                                              |    <0.001 |
|     conv_buf_11_reg_2048_2303_13_13                                              |    <0.001 |
|     conv_buf_11_reg_2048_2303_14_14                                              |    <0.001 |
|     conv_buf_11_reg_2048_2303_15_15                                              |    <0.001 |
|     conv_buf_11_reg_2048_2303_1_1                                                |    <0.001 |
|     conv_buf_11_reg_2048_2303_2_2                                                |    <0.001 |
|     conv_buf_11_reg_2048_2303_3_3                                                |    <0.001 |
|     conv_buf_11_reg_2048_2303_4_4                                                |    <0.001 |
|     conv_buf_11_reg_2048_2303_5_5                                                |    <0.001 |
|     conv_buf_11_reg_2048_2303_6_6                                                |    <0.001 |
|     conv_buf_11_reg_2048_2303_7_7                                                |    <0.001 |
|     conv_buf_11_reg_2048_2303_8_8                                                |    <0.001 |
|     conv_buf_11_reg_2048_2303_9_9                                                |    <0.001 |
|     conv_buf_11_reg_2304_2559_0_0                                                |    <0.001 |
|     conv_buf_11_reg_2304_2559_10_10                                              |    <0.001 |
|     conv_buf_11_reg_2304_2559_11_11                                              |    <0.001 |
|     conv_buf_11_reg_2304_2559_12_12                                              |    <0.001 |
|     conv_buf_11_reg_2304_2559_13_13                                              |    <0.001 |
|     conv_buf_11_reg_2304_2559_14_14                                              |    <0.001 |
|     conv_buf_11_reg_2304_2559_15_15                                              |    <0.001 |
|     conv_buf_11_reg_2304_2559_1_1                                                |    <0.001 |
|     conv_buf_11_reg_2304_2559_2_2                                                |    <0.001 |
|     conv_buf_11_reg_2304_2559_3_3                                                |    <0.001 |
|     conv_buf_11_reg_2304_2559_4_4                                                |    <0.001 |
|     conv_buf_11_reg_2304_2559_5_5                                                |    <0.001 |
|     conv_buf_11_reg_2304_2559_6_6                                                |    <0.001 |
|     conv_buf_11_reg_2304_2559_7_7                                                |    <0.001 |
|     conv_buf_11_reg_2304_2559_8_8                                                |    <0.001 |
|     conv_buf_11_reg_2304_2559_9_9                                                |    <0.001 |
|     conv_buf_11_reg_2560_2815_0_0                                                |    <0.001 |
|     conv_buf_11_reg_2560_2815_10_10                                              |    <0.001 |
|     conv_buf_11_reg_2560_2815_11_11                                              |    <0.001 |
|     conv_buf_11_reg_2560_2815_12_12                                              |    <0.001 |
|     conv_buf_11_reg_2560_2815_13_13                                              |    <0.001 |
|     conv_buf_11_reg_2560_2815_14_14                                              |    <0.001 |
|     conv_buf_11_reg_2560_2815_15_15                                              |    <0.001 |
|     conv_buf_11_reg_2560_2815_1_1                                                |    <0.001 |
|     conv_buf_11_reg_2560_2815_2_2                                                |    <0.001 |
|     conv_buf_11_reg_2560_2815_3_3                                                |    <0.001 |
|     conv_buf_11_reg_2560_2815_4_4                                                |    <0.001 |
|     conv_buf_11_reg_2560_2815_5_5                                                |    <0.001 |
|     conv_buf_11_reg_2560_2815_6_6                                                |    <0.001 |
|     conv_buf_11_reg_2560_2815_7_7                                                |    <0.001 |
|     conv_buf_11_reg_2560_2815_8_8                                                |    <0.001 |
|     conv_buf_11_reg_2560_2815_9_9                                                |    <0.001 |
|     conv_buf_11_reg_256_511_0_0                                                  |    <0.001 |
|     conv_buf_11_reg_256_511_10_10                                                |    <0.001 |
|     conv_buf_11_reg_256_511_11_11                                                |    <0.001 |
|     conv_buf_11_reg_256_511_12_12                                                |    <0.001 |
|     conv_buf_11_reg_256_511_13_13                                                |    <0.001 |
|     conv_buf_11_reg_256_511_14_14                                                |    <0.001 |
|     conv_buf_11_reg_256_511_15_15                                                |    <0.001 |
|     conv_buf_11_reg_256_511_1_1                                                  |    <0.001 |
|     conv_buf_11_reg_256_511_2_2                                                  |    <0.001 |
|     conv_buf_11_reg_256_511_3_3                                                  |    <0.001 |
|     conv_buf_11_reg_256_511_4_4                                                  |    <0.001 |
|     conv_buf_11_reg_256_511_5_5                                                  |    <0.001 |
|     conv_buf_11_reg_256_511_6_6                                                  |    <0.001 |
|     conv_buf_11_reg_256_511_7_7                                                  |    <0.001 |
|     conv_buf_11_reg_256_511_8_8                                                  |    <0.001 |
|     conv_buf_11_reg_256_511_9_9                                                  |    <0.001 |
|     conv_buf_11_reg_2816_3071_0_0                                                |    <0.001 |
|     conv_buf_11_reg_2816_3071_10_10                                              |    <0.001 |
|     conv_buf_11_reg_2816_3071_11_11                                              |    <0.001 |
|     conv_buf_11_reg_2816_3071_12_12                                              |    <0.001 |
|     conv_buf_11_reg_2816_3071_13_13                                              |    <0.001 |
|     conv_buf_11_reg_2816_3071_14_14                                              |    <0.001 |
|     conv_buf_11_reg_2816_3071_15_15                                              |    <0.001 |
|     conv_buf_11_reg_2816_3071_1_1                                                |    <0.001 |
|     conv_buf_11_reg_2816_3071_2_2                                                |    <0.001 |
|     conv_buf_11_reg_2816_3071_3_3                                                |    <0.001 |
|     conv_buf_11_reg_2816_3071_4_4                                                |    <0.001 |
|     conv_buf_11_reg_2816_3071_5_5                                                |    <0.001 |
|     conv_buf_11_reg_2816_3071_6_6                                                |    <0.001 |
|     conv_buf_11_reg_2816_3071_7_7                                                |    <0.001 |
|     conv_buf_11_reg_2816_3071_8_8                                                |    <0.001 |
|     conv_buf_11_reg_2816_3071_9_9                                                |    <0.001 |
|     conv_buf_11_reg_3072_3327_0_0                                                |    <0.001 |
|     conv_buf_11_reg_3072_3327_10_10                                              |    <0.001 |
|     conv_buf_11_reg_3072_3327_11_11                                              |    <0.001 |
|     conv_buf_11_reg_3072_3327_12_12                                              |    <0.001 |
|     conv_buf_11_reg_3072_3327_13_13                                              |    <0.001 |
|     conv_buf_11_reg_3072_3327_14_14                                              |    <0.001 |
|     conv_buf_11_reg_3072_3327_15_15                                              |    <0.001 |
|     conv_buf_11_reg_3072_3327_1_1                                                |    <0.001 |
|     conv_buf_11_reg_3072_3327_2_2                                                |    <0.001 |
|     conv_buf_11_reg_3072_3327_3_3                                                |    <0.001 |
|     conv_buf_11_reg_3072_3327_4_4                                                |    <0.001 |
|     conv_buf_11_reg_3072_3327_5_5                                                |    <0.001 |
|     conv_buf_11_reg_3072_3327_6_6                                                |    <0.001 |
|     conv_buf_11_reg_3072_3327_7_7                                                |    <0.001 |
|     conv_buf_11_reg_3072_3327_8_8                                                |    <0.001 |
|     conv_buf_11_reg_3072_3327_9_9                                                |    <0.001 |
|     conv_buf_11_reg_3328_3583_0_0                                                |    <0.001 |
|     conv_buf_11_reg_3328_3583_10_10                                              |    <0.001 |
|     conv_buf_11_reg_3328_3583_11_11                                              |    <0.001 |
|     conv_buf_11_reg_3328_3583_12_12                                              |    <0.001 |
|     conv_buf_11_reg_3328_3583_13_13                                              |    <0.001 |
|     conv_buf_11_reg_3328_3583_14_14                                              |    <0.001 |
|     conv_buf_11_reg_3328_3583_15_15                                              |    <0.001 |
|     conv_buf_11_reg_3328_3583_1_1                                                |    <0.001 |
|     conv_buf_11_reg_3328_3583_2_2                                                |    <0.001 |
|     conv_buf_11_reg_3328_3583_3_3                                                |    <0.001 |
|     conv_buf_11_reg_3328_3583_4_4                                                |    <0.001 |
|     conv_buf_11_reg_3328_3583_5_5                                                |    <0.001 |
|     conv_buf_11_reg_3328_3583_6_6                                                |    <0.001 |
|     conv_buf_11_reg_3328_3583_7_7                                                |    <0.001 |
|     conv_buf_11_reg_3328_3583_8_8                                                |    <0.001 |
|     conv_buf_11_reg_3328_3583_9_9                                                |    <0.001 |
|     conv_buf_11_reg_3584_3839_0_0                                                |    <0.001 |
|     conv_buf_11_reg_3584_3839_10_10                                              |    <0.001 |
|     conv_buf_11_reg_3584_3839_11_11                                              |    <0.001 |
|     conv_buf_11_reg_3584_3839_12_12                                              |    <0.001 |
|     conv_buf_11_reg_3584_3839_13_13                                              |    <0.001 |
|     conv_buf_11_reg_3584_3839_14_14                                              |    <0.001 |
|     conv_buf_11_reg_3584_3839_15_15                                              |    <0.001 |
|     conv_buf_11_reg_3584_3839_1_1                                                |    <0.001 |
|     conv_buf_11_reg_3584_3839_2_2                                                |    <0.001 |
|     conv_buf_11_reg_3584_3839_3_3                                                |    <0.001 |
|     conv_buf_11_reg_3584_3839_4_4                                                |    <0.001 |
|     conv_buf_11_reg_3584_3839_5_5                                                |    <0.001 |
|     conv_buf_11_reg_3584_3839_6_6                                                |    <0.001 |
|     conv_buf_11_reg_3584_3839_7_7                                                |    <0.001 |
|     conv_buf_11_reg_3584_3839_8_8                                                |    <0.001 |
|     conv_buf_11_reg_3584_3839_9_9                                                |    <0.001 |
|     conv_buf_11_reg_3840_4095_0_0                                                |    <0.001 |
|     conv_buf_11_reg_3840_4095_10_10                                              |    <0.001 |
|     conv_buf_11_reg_3840_4095_11_11                                              |    <0.001 |
|     conv_buf_11_reg_3840_4095_12_12                                              |    <0.001 |
|     conv_buf_11_reg_3840_4095_13_13                                              |    <0.001 |
|     conv_buf_11_reg_3840_4095_14_14                                              |    <0.001 |
|     conv_buf_11_reg_3840_4095_15_15                                              |    <0.001 |
|     conv_buf_11_reg_3840_4095_1_1                                                |    <0.001 |
|     conv_buf_11_reg_3840_4095_2_2                                                |    <0.001 |
|     conv_buf_11_reg_3840_4095_3_3                                                |    <0.001 |
|     conv_buf_11_reg_3840_4095_4_4                                                |    <0.001 |
|     conv_buf_11_reg_3840_4095_5_5                                                |    <0.001 |
|     conv_buf_11_reg_3840_4095_6_6                                                |    <0.001 |
|     conv_buf_11_reg_3840_4095_7_7                                                |    <0.001 |
|     conv_buf_11_reg_3840_4095_8_8                                                |    <0.001 |
|     conv_buf_11_reg_3840_4095_9_9                                                |    <0.001 |
|     conv_buf_11_reg_4096_4351_0_0                                                |    <0.001 |
|     conv_buf_11_reg_4096_4351_10_10                                              |    <0.001 |
|     conv_buf_11_reg_4096_4351_11_11                                              |    <0.001 |
|     conv_buf_11_reg_4096_4351_12_12                                              |    <0.001 |
|     conv_buf_11_reg_4096_4351_13_13                                              |    <0.001 |
|     conv_buf_11_reg_4096_4351_14_14                                              |    <0.001 |
|     conv_buf_11_reg_4096_4351_15_15                                              |    <0.001 |
|     conv_buf_11_reg_4096_4351_1_1                                                |    <0.001 |
|     conv_buf_11_reg_4096_4351_2_2                                                |    <0.001 |
|     conv_buf_11_reg_4096_4351_3_3                                                |    <0.001 |
|     conv_buf_11_reg_4096_4351_4_4                                                |    <0.001 |
|     conv_buf_11_reg_4096_4351_5_5                                                |    <0.001 |
|     conv_buf_11_reg_4096_4351_6_6                                                |    <0.001 |
|     conv_buf_11_reg_4096_4351_7_7                                                |    <0.001 |
|     conv_buf_11_reg_4096_4351_8_8                                                |    <0.001 |
|     conv_buf_11_reg_4096_4351_9_9                                                |    <0.001 |
|     conv_buf_11_reg_4352_4607_0_0                                                |    <0.001 |
|     conv_buf_11_reg_4352_4607_10_10                                              |    <0.001 |
|     conv_buf_11_reg_4352_4607_11_11                                              |    <0.001 |
|     conv_buf_11_reg_4352_4607_12_12                                              |    <0.001 |
|     conv_buf_11_reg_4352_4607_13_13                                              |    <0.001 |
|     conv_buf_11_reg_4352_4607_14_14                                              |    <0.001 |
|     conv_buf_11_reg_4352_4607_15_15                                              |    <0.001 |
|     conv_buf_11_reg_4352_4607_1_1                                                |    <0.001 |
|     conv_buf_11_reg_4352_4607_2_2                                                |    <0.001 |
|     conv_buf_11_reg_4352_4607_3_3                                                |    <0.001 |
|     conv_buf_11_reg_4352_4607_4_4                                                |    <0.001 |
|     conv_buf_11_reg_4352_4607_5_5                                                |    <0.001 |
|     conv_buf_11_reg_4352_4607_6_6                                                |    <0.001 |
|     conv_buf_11_reg_4352_4607_7_7                                                |    <0.001 |
|     conv_buf_11_reg_4352_4607_8_8                                                |    <0.001 |
|     conv_buf_11_reg_4352_4607_9_9                                                |    <0.001 |
|     conv_buf_11_reg_4608_4863_0_0                                                |    <0.001 |
|     conv_buf_11_reg_4608_4863_10_10                                              |    <0.001 |
|     conv_buf_11_reg_4608_4863_11_11                                              |    <0.001 |
|     conv_buf_11_reg_4608_4863_12_12                                              |    <0.001 |
|     conv_buf_11_reg_4608_4863_13_13                                              |    <0.001 |
|     conv_buf_11_reg_4608_4863_14_14                                              |    <0.001 |
|     conv_buf_11_reg_4608_4863_15_15                                              |    <0.001 |
|     conv_buf_11_reg_4608_4863_1_1                                                |    <0.001 |
|     conv_buf_11_reg_4608_4863_2_2                                                |    <0.001 |
|     conv_buf_11_reg_4608_4863_3_3                                                |    <0.001 |
|     conv_buf_11_reg_4608_4863_4_4                                                |    <0.001 |
|     conv_buf_11_reg_4608_4863_5_5                                                |    <0.001 |
|     conv_buf_11_reg_4608_4863_6_6                                                |    <0.001 |
|     conv_buf_11_reg_4608_4863_7_7                                                |    <0.001 |
|     conv_buf_11_reg_4608_4863_8_8                                                |    <0.001 |
|     conv_buf_11_reg_4608_4863_9_9                                                |    <0.001 |
|     conv_buf_11_reg_4864_5119_0_0                                                |    <0.001 |
|     conv_buf_11_reg_4864_5119_10_10                                              |    <0.001 |
|     conv_buf_11_reg_4864_5119_11_11                                              |    <0.001 |
|     conv_buf_11_reg_4864_5119_12_12                                              |    <0.001 |
|     conv_buf_11_reg_4864_5119_13_13                                              |    <0.001 |
|     conv_buf_11_reg_4864_5119_14_14                                              |    <0.001 |
|     conv_buf_11_reg_4864_5119_15_15                                              |    <0.001 |
|     conv_buf_11_reg_4864_5119_1_1                                                |    <0.001 |
|     conv_buf_11_reg_4864_5119_2_2                                                |    <0.001 |
|     conv_buf_11_reg_4864_5119_3_3                                                |    <0.001 |
|     conv_buf_11_reg_4864_5119_4_4                                                |    <0.001 |
|     conv_buf_11_reg_4864_5119_5_5                                                |    <0.001 |
|     conv_buf_11_reg_4864_5119_6_6                                                |    <0.001 |
|     conv_buf_11_reg_4864_5119_7_7                                                |    <0.001 |
|     conv_buf_11_reg_4864_5119_8_8                                                |    <0.001 |
|     conv_buf_11_reg_4864_5119_9_9                                                |    <0.001 |
|     conv_buf_11_reg_5120_5375_0_0                                                |    <0.001 |
|     conv_buf_11_reg_5120_5375_10_10                                              |    <0.001 |
|     conv_buf_11_reg_5120_5375_11_11                                              |    <0.001 |
|     conv_buf_11_reg_5120_5375_12_12                                              |    <0.001 |
|     conv_buf_11_reg_5120_5375_13_13                                              |    <0.001 |
|     conv_buf_11_reg_5120_5375_14_14                                              |    <0.001 |
|     conv_buf_11_reg_5120_5375_15_15                                              |    <0.001 |
|     conv_buf_11_reg_5120_5375_1_1                                                |    <0.001 |
|     conv_buf_11_reg_5120_5375_2_2                                                |    <0.001 |
|     conv_buf_11_reg_5120_5375_3_3                                                |    <0.001 |
|     conv_buf_11_reg_5120_5375_4_4                                                |    <0.001 |
|     conv_buf_11_reg_5120_5375_5_5                                                |    <0.001 |
|     conv_buf_11_reg_5120_5375_6_6                                                |    <0.001 |
|     conv_buf_11_reg_5120_5375_7_7                                                |    <0.001 |
|     conv_buf_11_reg_5120_5375_8_8                                                |    <0.001 |
|     conv_buf_11_reg_5120_5375_9_9                                                |    <0.001 |
|     conv_buf_11_reg_512_767_0_0                                                  |    <0.001 |
|     conv_buf_11_reg_512_767_10_10                                                |    <0.001 |
|     conv_buf_11_reg_512_767_11_11                                                |    <0.001 |
|     conv_buf_11_reg_512_767_12_12                                                |    <0.001 |
|     conv_buf_11_reg_512_767_13_13                                                |    <0.001 |
|     conv_buf_11_reg_512_767_14_14                                                |    <0.001 |
|     conv_buf_11_reg_512_767_15_15                                                |    <0.001 |
|     conv_buf_11_reg_512_767_1_1                                                  |    <0.001 |
|     conv_buf_11_reg_512_767_2_2                                                  |    <0.001 |
|     conv_buf_11_reg_512_767_3_3                                                  |    <0.001 |
|     conv_buf_11_reg_512_767_4_4                                                  |    <0.001 |
|     conv_buf_11_reg_512_767_5_5                                                  |    <0.001 |
|     conv_buf_11_reg_512_767_6_6                                                  |    <0.001 |
|     conv_buf_11_reg_512_767_7_7                                                  |    <0.001 |
|     conv_buf_11_reg_512_767_8_8                                                  |    <0.001 |
|     conv_buf_11_reg_512_767_9_9                                                  |    <0.001 |
|     conv_buf_11_reg_5376_5631_0_0                                                |    <0.001 |
|     conv_buf_11_reg_5376_5631_10_10                                              |    <0.001 |
|     conv_buf_11_reg_5376_5631_11_11                                              |    <0.001 |
|     conv_buf_11_reg_5376_5631_12_12                                              |    <0.001 |
|     conv_buf_11_reg_5376_5631_13_13                                              |    <0.001 |
|     conv_buf_11_reg_5376_5631_14_14                                              |    <0.001 |
|     conv_buf_11_reg_5376_5631_15_15                                              |    <0.001 |
|     conv_buf_11_reg_5376_5631_1_1                                                |    <0.001 |
|     conv_buf_11_reg_5376_5631_2_2                                                |    <0.001 |
|     conv_buf_11_reg_5376_5631_3_3                                                |    <0.001 |
|     conv_buf_11_reg_5376_5631_4_4                                                |    <0.001 |
|     conv_buf_11_reg_5376_5631_5_5                                                |    <0.001 |
|     conv_buf_11_reg_5376_5631_6_6                                                |    <0.001 |
|     conv_buf_11_reg_5376_5631_7_7                                                |    <0.001 |
|     conv_buf_11_reg_5376_5631_8_8                                                |    <0.001 |
|     conv_buf_11_reg_5376_5631_9_9                                                |    <0.001 |
|     conv_buf_11_reg_5632_5887_0_0                                                |    <0.001 |
|     conv_buf_11_reg_5632_5887_10_10                                              |    <0.001 |
|     conv_buf_11_reg_5632_5887_11_11                                              |    <0.001 |
|     conv_buf_11_reg_5632_5887_12_12                                              |    <0.001 |
|     conv_buf_11_reg_5632_5887_13_13                                              |    <0.001 |
|     conv_buf_11_reg_5632_5887_14_14                                              |    <0.001 |
|     conv_buf_11_reg_5632_5887_15_15                                              |    <0.001 |
|     conv_buf_11_reg_5632_5887_1_1                                                |    <0.001 |
|     conv_buf_11_reg_5632_5887_2_2                                                |    <0.001 |
|     conv_buf_11_reg_5632_5887_3_3                                                |    <0.001 |
|     conv_buf_11_reg_5632_5887_4_4                                                |    <0.001 |
|     conv_buf_11_reg_5632_5887_5_5                                                |    <0.001 |
|     conv_buf_11_reg_5632_5887_6_6                                                |    <0.001 |
|     conv_buf_11_reg_5632_5887_7_7                                                |    <0.001 |
|     conv_buf_11_reg_5632_5887_8_8                                                |    <0.001 |
|     conv_buf_11_reg_5632_5887_9_9                                                |    <0.001 |
|     conv_buf_11_reg_5888_6143_0_0                                                |    <0.001 |
|     conv_buf_11_reg_5888_6143_10_10                                              |    <0.001 |
|     conv_buf_11_reg_5888_6143_11_11                                              |    <0.001 |
|     conv_buf_11_reg_5888_6143_12_12                                              |    <0.001 |
|     conv_buf_11_reg_5888_6143_13_13                                              |    <0.001 |
|     conv_buf_11_reg_5888_6143_14_14                                              |    <0.001 |
|     conv_buf_11_reg_5888_6143_15_15                                              |    <0.001 |
|     conv_buf_11_reg_5888_6143_1_1                                                |    <0.001 |
|     conv_buf_11_reg_5888_6143_2_2                                                |    <0.001 |
|     conv_buf_11_reg_5888_6143_3_3                                                |    <0.001 |
|     conv_buf_11_reg_5888_6143_4_4                                                |    <0.001 |
|     conv_buf_11_reg_5888_6143_5_5                                                |    <0.001 |
|     conv_buf_11_reg_5888_6143_6_6                                                |    <0.001 |
|     conv_buf_11_reg_5888_6143_7_7                                                |    <0.001 |
|     conv_buf_11_reg_5888_6143_8_8                                                |    <0.001 |
|     conv_buf_11_reg_5888_6143_9_9                                                |    <0.001 |
|     conv_buf_11_reg_6144_6399_0_0                                                |    <0.001 |
|     conv_buf_11_reg_6144_6399_10_10                                              |    <0.001 |
|     conv_buf_11_reg_6144_6399_11_11                                              |    <0.001 |
|     conv_buf_11_reg_6144_6399_12_12                                              |    <0.001 |
|     conv_buf_11_reg_6144_6399_13_13                                              |    <0.001 |
|     conv_buf_11_reg_6144_6399_14_14                                              |    <0.001 |
|     conv_buf_11_reg_6144_6399_15_15                                              |    <0.001 |
|     conv_buf_11_reg_6144_6399_1_1                                                |    <0.001 |
|     conv_buf_11_reg_6144_6399_2_2                                                |    <0.001 |
|     conv_buf_11_reg_6144_6399_3_3                                                |    <0.001 |
|     conv_buf_11_reg_6144_6399_4_4                                                |    <0.001 |
|     conv_buf_11_reg_6144_6399_5_5                                                |    <0.001 |
|     conv_buf_11_reg_6144_6399_6_6                                                |    <0.001 |
|     conv_buf_11_reg_6144_6399_7_7                                                |    <0.001 |
|     conv_buf_11_reg_6144_6399_8_8                                                |    <0.001 |
|     conv_buf_11_reg_6144_6399_9_9                                                |    <0.001 |
|     conv_buf_11_reg_6400_6655_0_0                                                |    <0.001 |
|     conv_buf_11_reg_6400_6655_10_10                                              |    <0.001 |
|     conv_buf_11_reg_6400_6655_11_11                                              |    <0.001 |
|     conv_buf_11_reg_6400_6655_12_12                                              |    <0.001 |
|     conv_buf_11_reg_6400_6655_13_13                                              |    <0.001 |
|     conv_buf_11_reg_6400_6655_14_14                                              |    <0.001 |
|     conv_buf_11_reg_6400_6655_15_15                                              |    <0.001 |
|     conv_buf_11_reg_6400_6655_1_1                                                |    <0.001 |
|     conv_buf_11_reg_6400_6655_2_2                                                |    <0.001 |
|     conv_buf_11_reg_6400_6655_3_3                                                |    <0.001 |
|     conv_buf_11_reg_6400_6655_4_4                                                |    <0.001 |
|     conv_buf_11_reg_6400_6655_5_5                                                |    <0.001 |
|     conv_buf_11_reg_6400_6655_6_6                                                |    <0.001 |
|     conv_buf_11_reg_6400_6655_7_7                                                |    <0.001 |
|     conv_buf_11_reg_6400_6655_8_8                                                |    <0.001 |
|     conv_buf_11_reg_6400_6655_9_9                                                |    <0.001 |
|     conv_buf_11_reg_6656_6911_0_0                                                |    <0.001 |
|     conv_buf_11_reg_6656_6911_10_10                                              |    <0.001 |
|     conv_buf_11_reg_6656_6911_11_11                                              |    <0.001 |
|     conv_buf_11_reg_6656_6911_12_12                                              |    <0.001 |
|     conv_buf_11_reg_6656_6911_13_13                                              |    <0.001 |
|     conv_buf_11_reg_6656_6911_14_14                                              |    <0.001 |
|     conv_buf_11_reg_6656_6911_15_15                                              |    <0.001 |
|     conv_buf_11_reg_6656_6911_1_1                                                |    <0.001 |
|     conv_buf_11_reg_6656_6911_2_2                                                |    <0.001 |
|     conv_buf_11_reg_6656_6911_3_3                                                |    <0.001 |
|     conv_buf_11_reg_6656_6911_4_4                                                |    <0.001 |
|     conv_buf_11_reg_6656_6911_5_5                                                |    <0.001 |
|     conv_buf_11_reg_6656_6911_6_6                                                |    <0.001 |
|     conv_buf_11_reg_6656_6911_7_7                                                |    <0.001 |
|     conv_buf_11_reg_6656_6911_8_8                                                |    <0.001 |
|     conv_buf_11_reg_6656_6911_9_9                                                |    <0.001 |
|     conv_buf_11_reg_6912_7167_0_0                                                |    <0.001 |
|     conv_buf_11_reg_6912_7167_10_10                                              |    <0.001 |
|     conv_buf_11_reg_6912_7167_11_11                                              |    <0.001 |
|     conv_buf_11_reg_6912_7167_12_12                                              |    <0.001 |
|     conv_buf_11_reg_6912_7167_13_13                                              |    <0.001 |
|     conv_buf_11_reg_6912_7167_14_14                                              |    <0.001 |
|     conv_buf_11_reg_6912_7167_15_15                                              |    <0.001 |
|     conv_buf_11_reg_6912_7167_1_1                                                |    <0.001 |
|     conv_buf_11_reg_6912_7167_2_2                                                |    <0.001 |
|     conv_buf_11_reg_6912_7167_3_3                                                |    <0.001 |
|     conv_buf_11_reg_6912_7167_4_4                                                |    <0.001 |
|     conv_buf_11_reg_6912_7167_5_5                                                |    <0.001 |
|     conv_buf_11_reg_6912_7167_6_6                                                |    <0.001 |
|     conv_buf_11_reg_6912_7167_7_7                                                |    <0.001 |
|     conv_buf_11_reg_6912_7167_8_8                                                |    <0.001 |
|     conv_buf_11_reg_6912_7167_9_9                                                |    <0.001 |
|     conv_buf_11_reg_7168_7423_0_0                                                |    <0.001 |
|     conv_buf_11_reg_7168_7423_10_10                                              |    <0.001 |
|     conv_buf_11_reg_7168_7423_11_11                                              |    <0.001 |
|     conv_buf_11_reg_7168_7423_12_12                                              |    <0.001 |
|     conv_buf_11_reg_7168_7423_13_13                                              |    <0.001 |
|     conv_buf_11_reg_7168_7423_14_14                                              |    <0.001 |
|     conv_buf_11_reg_7168_7423_15_15                                              |    <0.001 |
|     conv_buf_11_reg_7168_7423_1_1                                                |    <0.001 |
|     conv_buf_11_reg_7168_7423_2_2                                                |    <0.001 |
|     conv_buf_11_reg_7168_7423_3_3                                                |    <0.001 |
|     conv_buf_11_reg_7168_7423_4_4                                                |    <0.001 |
|     conv_buf_11_reg_7168_7423_5_5                                                |    <0.001 |
|     conv_buf_11_reg_7168_7423_6_6                                                |    <0.001 |
|     conv_buf_11_reg_7168_7423_7_7                                                |    <0.001 |
|     conv_buf_11_reg_7168_7423_8_8                                                |    <0.001 |
|     conv_buf_11_reg_7168_7423_9_9                                                |    <0.001 |
|     conv_buf_11_reg_7424_7679_0_0                                                |    <0.001 |
|     conv_buf_11_reg_7424_7679_10_10                                              |    <0.001 |
|     conv_buf_11_reg_7424_7679_11_11                                              |    <0.001 |
|     conv_buf_11_reg_7424_7679_12_12                                              |    <0.001 |
|     conv_buf_11_reg_7424_7679_13_13                                              |    <0.001 |
|     conv_buf_11_reg_7424_7679_14_14                                              |    <0.001 |
|     conv_buf_11_reg_7424_7679_15_15                                              |    <0.001 |
|     conv_buf_11_reg_7424_7679_1_1                                                |    <0.001 |
|     conv_buf_11_reg_7424_7679_2_2                                                |    <0.001 |
|     conv_buf_11_reg_7424_7679_3_3                                                |    <0.001 |
|     conv_buf_11_reg_7424_7679_4_4                                                |    <0.001 |
|     conv_buf_11_reg_7424_7679_5_5                                                |    <0.001 |
|     conv_buf_11_reg_7424_7679_6_6                                                |    <0.001 |
|     conv_buf_11_reg_7424_7679_7_7                                                |    <0.001 |
|     conv_buf_11_reg_7424_7679_8_8                                                |    <0.001 |
|     conv_buf_11_reg_7424_7679_9_9                                                |    <0.001 |
|     conv_buf_11_reg_7680_7935_0_0                                                |    <0.001 |
|     conv_buf_11_reg_7680_7935_10_10                                              |    <0.001 |
|     conv_buf_11_reg_7680_7935_11_11                                              |    <0.001 |
|     conv_buf_11_reg_7680_7935_12_12                                              |    <0.001 |
|     conv_buf_11_reg_7680_7935_13_13                                              |    <0.001 |
|     conv_buf_11_reg_7680_7935_14_14                                              |    <0.001 |
|     conv_buf_11_reg_7680_7935_15_15                                              |    <0.001 |
|     conv_buf_11_reg_7680_7935_1_1                                                |    <0.001 |
|     conv_buf_11_reg_7680_7935_2_2                                                |    <0.001 |
|     conv_buf_11_reg_7680_7935_3_3                                                |    <0.001 |
|     conv_buf_11_reg_7680_7935_4_4                                                |    <0.001 |
|     conv_buf_11_reg_7680_7935_5_5                                                |    <0.001 |
|     conv_buf_11_reg_7680_7935_6_6                                                |    <0.001 |
|     conv_buf_11_reg_7680_7935_7_7                                                |    <0.001 |
|     conv_buf_11_reg_7680_7935_8_8                                                |    <0.001 |
|     conv_buf_11_reg_7680_7935_9_9                                                |    <0.001 |
|     conv_buf_11_reg_768_1023_0_0                                                 |    <0.001 |
|     conv_buf_11_reg_768_1023_10_10                                               |    <0.001 |
|     conv_buf_11_reg_768_1023_11_11                                               |    <0.001 |
|     conv_buf_11_reg_768_1023_12_12                                               |    <0.001 |
|     conv_buf_11_reg_768_1023_13_13                                               |    <0.001 |
|     conv_buf_11_reg_768_1023_14_14                                               |    <0.001 |
|     conv_buf_11_reg_768_1023_15_15                                               |    <0.001 |
|     conv_buf_11_reg_768_1023_1_1                                                 |    <0.001 |
|     conv_buf_11_reg_768_1023_2_2                                                 |    <0.001 |
|     conv_buf_11_reg_768_1023_3_3                                                 |    <0.001 |
|     conv_buf_11_reg_768_1023_4_4                                                 |    <0.001 |
|     conv_buf_11_reg_768_1023_5_5                                                 |    <0.001 |
|     conv_buf_11_reg_768_1023_6_6                                                 |    <0.001 |
|     conv_buf_11_reg_768_1023_7_7                                                 |    <0.001 |
|     conv_buf_11_reg_768_1023_8_8                                                 |    <0.001 |
|     conv_buf_11_reg_768_1023_9_9                                                 |    <0.001 |
|     conv_buf_11_reg_7936_8191_0_0                                                |    <0.001 |
|     conv_buf_11_reg_7936_8191_10_10                                              |    <0.001 |
|     conv_buf_11_reg_7936_8191_11_11                                              |    <0.001 |
|     conv_buf_11_reg_7936_8191_12_12                                              |    <0.001 |
|     conv_buf_11_reg_7936_8191_13_13                                              |    <0.001 |
|     conv_buf_11_reg_7936_8191_14_14                                              |    <0.001 |
|     conv_buf_11_reg_7936_8191_15_15                                              |    <0.001 |
|     conv_buf_11_reg_7936_8191_1_1                                                |    <0.001 |
|     conv_buf_11_reg_7936_8191_2_2                                                |    <0.001 |
|     conv_buf_11_reg_7936_8191_3_3                                                |    <0.001 |
|     conv_buf_11_reg_7936_8191_4_4                                                |    <0.001 |
|     conv_buf_11_reg_7936_8191_5_5                                                |    <0.001 |
|     conv_buf_11_reg_7936_8191_6_6                                                |    <0.001 |
|     conv_buf_11_reg_7936_8191_7_7                                                |    <0.001 |
|     conv_buf_11_reg_7936_8191_8_8                                                |    <0.001 |
|     conv_buf_11_reg_7936_8191_9_9                                                |    <0.001 |
|     i_dfilt1_cha                                                                 |     0.009 |
|     i_dfilt1_chb                                                                 |     0.009 |
|     i_wr0                                                                        |     0.006 |
|       fifo_reg_0_63_0_2                                                          |    <0.001 |
|       fifo_reg_0_63_12_14                                                        |    <0.001 |
|       fifo_reg_0_63_15_17                                                        |    <0.001 |
|       fifo_reg_0_63_18_20                                                        |    <0.001 |
|       fifo_reg_0_63_21_23                                                        |    <0.001 |
|       fifo_reg_0_63_24_26                                                        |    <0.001 |
|       fifo_reg_0_63_27_29                                                        |    <0.001 |
|       fifo_reg_0_63_30_32                                                        |    <0.001 |
|       fifo_reg_0_63_33_35                                                        |    <0.001 |
|       fifo_reg_0_63_36_38                                                        |    <0.001 |
|       fifo_reg_0_63_39_41                                                        |    <0.001 |
|       fifo_reg_0_63_3_5                                                          |    <0.001 |
|       fifo_reg_0_63_42_44                                                        |    <0.001 |
|       fifo_reg_0_63_45_47                                                        |    <0.001 |
|       fifo_reg_0_63_48_50                                                        |    <0.001 |
|       fifo_reg_0_63_51_53                                                        |    <0.001 |
|       fifo_reg_0_63_54_56                                                        |    <0.001 |
|       fifo_reg_0_63_57_59                                                        |    <0.001 |
|       fifo_reg_0_63_60_62                                                        |    <0.001 |
|       fifo_reg_0_63_63_63                                                        |    <0.001 |
|       fifo_reg_0_63_6_8                                                          |    <0.001 |
|       fifo_reg_0_63_9_11                                                         |    <0.001 |
|       fifo_reg_128_191_0_2                                                       |    <0.001 |
|       fifo_reg_128_191_12_14                                                     |    <0.001 |
|       fifo_reg_128_191_15_17                                                     |    <0.001 |
|       fifo_reg_128_191_18_20                                                     |    <0.001 |
|       fifo_reg_128_191_21_23                                                     |    <0.001 |
|       fifo_reg_128_191_24_26                                                     |    <0.001 |
|       fifo_reg_128_191_27_29                                                     |    <0.001 |
|       fifo_reg_128_191_30_32                                                     |    <0.001 |
|       fifo_reg_128_191_33_35                                                     |    <0.001 |
|       fifo_reg_128_191_36_38                                                     |    <0.001 |
|       fifo_reg_128_191_39_41                                                     |    <0.001 |
|       fifo_reg_128_191_3_5                                                       |    <0.001 |
|       fifo_reg_128_191_42_44                                                     |    <0.001 |
|       fifo_reg_128_191_45_47                                                     |    <0.001 |
|       fifo_reg_128_191_48_50                                                     |    <0.001 |
|       fifo_reg_128_191_51_53                                                     |    <0.001 |
|       fifo_reg_128_191_54_56                                                     |    <0.001 |
|       fifo_reg_128_191_57_59                                                     |    <0.001 |
|       fifo_reg_128_191_60_62                                                     |    <0.001 |
|       fifo_reg_128_191_63_63                                                     |    <0.001 |
|       fifo_reg_128_191_6_8                                                       |    <0.001 |
|       fifo_reg_128_191_9_11                                                      |    <0.001 |
|       fifo_reg_192_255_0_2                                                       |    <0.001 |
|       fifo_reg_192_255_12_14                                                     |    <0.001 |
|       fifo_reg_192_255_15_17                                                     |    <0.001 |
|       fifo_reg_192_255_18_20                                                     |    <0.001 |
|       fifo_reg_192_255_21_23                                                     |    <0.001 |
|       fifo_reg_192_255_24_26                                                     |    <0.001 |
|       fifo_reg_192_255_27_29                                                     |    <0.001 |
|       fifo_reg_192_255_30_32                                                     |    <0.001 |
|       fifo_reg_192_255_33_35                                                     |    <0.001 |
|       fifo_reg_192_255_36_38                                                     |    <0.001 |
|       fifo_reg_192_255_39_41                                                     |    <0.001 |
|       fifo_reg_192_255_3_5                                                       |    <0.001 |
|       fifo_reg_192_255_42_44                                                     |    <0.001 |
|       fifo_reg_192_255_45_47                                                     |    <0.001 |
|       fifo_reg_192_255_48_50                                                     |    <0.001 |
|       fifo_reg_192_255_51_53                                                     |    <0.001 |
|       fifo_reg_192_255_54_56                                                     |    <0.001 |
|       fifo_reg_192_255_57_59                                                     |    <0.001 |
|       fifo_reg_192_255_60_62                                                     |    <0.001 |
|       fifo_reg_192_255_63_63                                                     |    <0.001 |
|       fifo_reg_192_255_6_8                                                       |    <0.001 |
|       fifo_reg_192_255_9_11                                                      |    <0.001 |
|       fifo_reg_64_127_0_2                                                        |    <0.001 |
|       fifo_reg_64_127_12_14                                                      |    <0.001 |
|       fifo_reg_64_127_15_17                                                      |    <0.001 |
|       fifo_reg_64_127_18_20                                                      |    <0.001 |
|       fifo_reg_64_127_21_23                                                      |    <0.001 |
|       fifo_reg_64_127_24_26                                                      |    <0.001 |
|       fifo_reg_64_127_27_29                                                      |    <0.001 |
|       fifo_reg_64_127_30_32                                                      |    <0.001 |
|       fifo_reg_64_127_33_35                                                      |    <0.001 |
|       fifo_reg_64_127_36_38                                                      |    <0.001 |
|       fifo_reg_64_127_39_41                                                      |    <0.001 |
|       fifo_reg_64_127_3_5                                                        |    <0.001 |
|       fifo_reg_64_127_42_44                                                      |    <0.001 |
|       fifo_reg_64_127_45_47                                                      |    <0.001 |
|       fifo_reg_64_127_48_50                                                      |    <0.001 |
|       fifo_reg_64_127_51_53                                                      |    <0.001 |
|       fifo_reg_64_127_54_56                                                      |    <0.001 |
|       fifo_reg_64_127_57_59                                                      |    <0.001 |
|       fifo_reg_64_127_60_62                                                      |    <0.001 |
|       fifo_reg_64_127_63_63                                                      |    <0.001 |
|       fifo_reg_64_127_6_8                                                        |    <0.001 |
|       fifo_reg_64_127_9_11                                                       |    <0.001 |
|     i_wr1                                                                        |     0.006 |
|       fifo_reg_0_63_0_2                                                          |    <0.001 |
|       fifo_reg_0_63_12_14                                                        |    <0.001 |
|       fifo_reg_0_63_15_17                                                        |    <0.001 |
|       fifo_reg_0_63_18_20                                                        |    <0.001 |
|       fifo_reg_0_63_21_23                                                        |    <0.001 |
|       fifo_reg_0_63_24_26                                                        |    <0.001 |
|       fifo_reg_0_63_27_29                                                        |    <0.001 |
|       fifo_reg_0_63_30_32                                                        |    <0.001 |
|       fifo_reg_0_63_33_35                                                        |    <0.001 |
|       fifo_reg_0_63_36_38                                                        |    <0.001 |
|       fifo_reg_0_63_39_41                                                        |    <0.001 |
|       fifo_reg_0_63_3_5                                                          |    <0.001 |
|       fifo_reg_0_63_42_44                                                        |    <0.001 |
|       fifo_reg_0_63_45_47                                                        |    <0.001 |
|       fifo_reg_0_63_48_50                                                        |    <0.001 |
|       fifo_reg_0_63_51_53                                                        |    <0.001 |
|       fifo_reg_0_63_54_56                                                        |    <0.001 |
|       fifo_reg_0_63_57_59                                                        |    <0.001 |
|       fifo_reg_0_63_60_62                                                        |    <0.001 |
|       fifo_reg_0_63_63_63                                                        |    <0.001 |
|       fifo_reg_0_63_6_8                                                          |    <0.001 |
|       fifo_reg_0_63_9_11                                                         |    <0.001 |
|       fifo_reg_128_191_0_2                                                       |    <0.001 |
|       fifo_reg_128_191_12_14                                                     |    <0.001 |
|       fifo_reg_128_191_15_17                                                     |    <0.001 |
|       fifo_reg_128_191_18_20                                                     |    <0.001 |
|       fifo_reg_128_191_21_23                                                     |    <0.001 |
|       fifo_reg_128_191_24_26                                                     |    <0.001 |
|       fifo_reg_128_191_27_29                                                     |    <0.001 |
|       fifo_reg_128_191_30_32                                                     |    <0.001 |
|       fifo_reg_128_191_33_35                                                     |    <0.001 |
|       fifo_reg_128_191_36_38                                                     |    <0.001 |
|       fifo_reg_128_191_39_41                                                     |    <0.001 |
|       fifo_reg_128_191_3_5                                                       |    <0.001 |
|       fifo_reg_128_191_42_44                                                     |    <0.001 |
|       fifo_reg_128_191_45_47                                                     |    <0.001 |
|       fifo_reg_128_191_48_50                                                     |    <0.001 |
|       fifo_reg_128_191_51_53                                                     |    <0.001 |
|       fifo_reg_128_191_54_56                                                     |    <0.001 |
|       fifo_reg_128_191_57_59                                                     |    <0.001 |
|       fifo_reg_128_191_60_62                                                     |    <0.001 |
|       fifo_reg_128_191_63_63                                                     |    <0.001 |
|       fifo_reg_128_191_6_8                                                       |    <0.001 |
|       fifo_reg_128_191_9_11                                                      |    <0.001 |
|       fifo_reg_192_255_0_2                                                       |    <0.001 |
|       fifo_reg_192_255_12_14                                                     |    <0.001 |
|       fifo_reg_192_255_15_17                                                     |    <0.001 |
|       fifo_reg_192_255_18_20                                                     |    <0.001 |
|       fifo_reg_192_255_21_23                                                     |    <0.001 |
|       fifo_reg_192_255_24_26                                                     |    <0.001 |
|       fifo_reg_192_255_27_29                                                     |    <0.001 |
|       fifo_reg_192_255_30_32                                                     |    <0.001 |
|       fifo_reg_192_255_33_35                                                     |    <0.001 |
|       fifo_reg_192_255_36_38                                                     |    <0.001 |
|       fifo_reg_192_255_39_41                                                     |    <0.001 |
|       fifo_reg_192_255_3_5                                                       |    <0.001 |
|       fifo_reg_192_255_42_44                                                     |    <0.001 |
|       fifo_reg_192_255_45_47                                                     |    <0.001 |
|       fifo_reg_192_255_48_50                                                     |    <0.001 |
|       fifo_reg_192_255_51_53                                                     |    <0.001 |
|       fifo_reg_192_255_54_56                                                     |    <0.001 |
|       fifo_reg_192_255_57_59                                                     |    <0.001 |
|       fifo_reg_192_255_60_62                                                     |    <0.001 |
|       fifo_reg_192_255_63_63                                                     |    <0.001 |
|       fifo_reg_192_255_6_8                                                       |    <0.001 |
|       fifo_reg_192_255_9_11                                                      |    <0.001 |
|       fifo_reg_64_127_0_2                                                        |    <0.001 |
|       fifo_reg_64_127_12_14                                                      |    <0.001 |
|       fifo_reg_64_127_15_17                                                      |    <0.001 |
|       fifo_reg_64_127_18_20                                                      |    <0.001 |
|       fifo_reg_64_127_21_23                                                      |    <0.001 |
|       fifo_reg_64_127_24_26                                                      |    <0.001 |
|       fifo_reg_64_127_27_29                                                      |    <0.001 |
|       fifo_reg_64_127_30_32                                                      |    <0.001 |
|       fifo_reg_64_127_33_35                                                      |    <0.001 |
|       fifo_reg_64_127_36_38                                                      |    <0.001 |
|       fifo_reg_64_127_39_41                                                      |    <0.001 |
|       fifo_reg_64_127_3_5                                                        |    <0.001 |
|       fifo_reg_64_127_42_44                                                      |    <0.001 |
|       fifo_reg_64_127_45_47                                                      |    <0.001 |
|       fifo_reg_64_127_48_50                                                      |    <0.001 |
|       fifo_reg_64_127_51_53                                                      |    <0.001 |
|       fifo_reg_64_127_54_56                                                      |    <0.001 |
|       fifo_reg_64_127_57_59                                                      |    <0.001 |
|       fifo_reg_64_127_60_62                                                      |    <0.001 |
|       fifo_reg_64_127_63_63                                                      |    <0.001 |
|       fifo_reg_64_127_6_8                                                        |    <0.001 |
|       fifo_reg_64_127_9_11                                                       |    <0.001 |
|   pll                                                                            |     0.097 |
|   pwm[0]                                                                         |     0.001 |
|   pwm[1]                                                                         |     0.001 |
|   pwm[2]                                                                         |     0.001 |
|   pwm[3]                                                                         |     0.001 |
+----------------------------------------------------------------------------------+-----------+


